Started GET "/" for 127.0.0.1 at 2017-11-02 09:57:02 -0400
Processing by Rails::WelcomeController#index as HTML
  Parameters: {"internal"=>true}
  Rendering /Users/david/.rvm/gems/ruby-2.3.1@davinci_coders/gems/railties-5.0.6/lib/rails/templates/rails/welcome/index.html.erb
  Rendered /Users/david/.rvm/gems/ruby-2.3.1@davinci_coders/gems/railties-5.0.6/lib/rails/templates/rails/welcome/index.html.erb (4.0ms)
Completed 200 OK in 19ms (Views: 9.0ms | ActiveRecord: 0.0ms)


Started GET "/time/now" for 127.0.0.1 at 2017-11-02 09:57:12 -0400
Started GET "/bob/and/ann" for 127.0.0.1 at 2017-11-02 10:38:00 -0400
  
ActionController::RoutingError (No route matches [GET] "/bob/and/ann"):
  
actionpack (5.0.6) lib/action_dispatch/middleware/debug_exceptions.rb:53:in `call'
web-console (3.5.1) lib/web_console/middleware.rb:135:in `call_app'
web-console (3.5.1) lib/web_console/middleware.rb:28:in `block in call'
web-console (3.5.1) lib/web_console/middleware.rb:18:in `catch'
web-console (3.5.1) lib/web_console/middleware.rb:18:in `call'
actionpack (5.0.6) lib/action_dispatch/middleware/show_exceptions.rb:31:in `call'
railties (5.0.6) lib/rails/rack/logger.rb:36:in `call_app'
railties (5.0.6) lib/rails/rack/logger.rb:24:in `block in call'
activesupport (5.0.6) lib/active_support/tagged_logging.rb:69:in `block in tagged'
activesupport (5.0.6) lib/active_support/tagged_logging.rb:26:in `tagged'
activesupport (5.0.6) lib/active_support/tagged_logging.rb:69:in `tagged'
railties (5.0.6) lib/rails/rack/logger.rb:24:in `call'
sprockets-rails (3.2.1) lib/sprockets/rails/quiet_assets.rb:13:in `call'
actionpack (5.0.6) lib/action_dispatch/middleware/request_id.rb:24:in `call'
rack (2.0.3) lib/rack/method_override.rb:22:in `call'
rack (2.0.3) lib/rack/runtime.rb:22:in `call'
activesupport (5.0.6) lib/active_support/cache/strategy/local_cache_middleware.rb:28:in `call'
actionpack (5.0.6) lib/action_dispatch/middleware/executor.rb:12:in `call'
actionpack (5.0.6) lib/action_dispatch/middleware/static.rb:136:in `call'
rack (2.0.3) lib/rack/sendfile.rb:111:in `call'
railties (5.0.6) lib/rails/engine.rb:522:in `call'
puma (3.10.0) lib/puma/configuration.rb:225:in `call'
puma (3.10.0) lib/puma/server.rb:605:in `handle_request'
puma (3.10.0) lib/puma/server.rb:437:in `process_client'
puma (3.10.0) lib/puma/server.rb:301:in `block in run'
puma (3.10.0) lib/puma/thread_pool.rb:120:in `block in spawn_thread'
  Rendering /Users/david/.rvm/gems/ruby-2.3.1@davinci_coders/gems/actionpack-5.0.6/lib/action_dispatch/middleware/templates/rescues/routing_error.html.erb within rescues/layout
  Rendering /Users/david/.rvm/gems/ruby-2.3.1@davinci_coders/gems/actionpack-5.0.6/lib/action_dispatch/middleware/templates/rescues/_trace.html.erb
  Rendered /Users/david/.rvm/gems/ruby-2.3.1@davinci_coders/gems/actionpack-5.0.6/lib/action_dispatch/middleware/templates/rescues/_trace.html.erb (1.0ms)
  Rendered collection of /Users/david/.rvm/gems/ruby-2.3.1@davinci_coders/gems/actionpack-5.0.6/lib/action_dispatch/middleware/templates/routes/_route.html.erb [1 times] (1.5ms)
  Rendered /Users/david/.rvm/gems/ruby-2.3.1@davinci_coders/gems/actionpack-5.0.6/lib/action_dispatch/middleware/templates/routes/_table.html.erb (6.3ms)
  Rendering /Users/david/.rvm/gems/ruby-2.3.1@davinci_coders/gems/actionpack-5.0.6/lib/action_dispatch/middleware/templates/rescues/_request_and_response.html.erb
  Rendered /Users/david/.rvm/gems/ruby-2.3.1@davinci_coders/gems/actionpack-5.0.6/lib/action_dispatch/middleware/templates/rescues/_request_and_response.html.erb (10.0ms)
  Rendered /Users/david/.rvm/gems/ruby-2.3.1@davinci_coders/gems/actionpack-5.0.6/lib/action_dispatch/middleware/templates/rescues/routing_error.html.erb within rescues/layout (107.5ms)
Started GET "/introduce/bob/and/ann" for 127.0.0.1 at 2017-11-02 10:38:15 -0400
  
NoMethodError (undefined method `make_response!' for IntroduceController:Class):
  
actionpack (5.0.6) lib/action_dispatch/routing/route_set.rb:31:in `serve'
actionpack (5.0.6) lib/action_dispatch/journey/router.rb:39:in `block in serve'
actionpack (5.0.6) lib/action_dispatch/journey/router.rb:26:in `each'
actionpack (5.0.6) lib/action_dispatch/journey/router.rb:26:in `serve'
actionpack (5.0.6) lib/action_dispatch/routing/route_set.rb:727:in `call'
rack (2.0.3) lib/rack/etag.rb:25:in `call'
rack (2.0.3) lib/rack/conditional_get.rb:25:in `call'
rack (2.0.3) lib/rack/head.rb:12:in `call'
rack (2.0.3) lib/rack/session/abstract/id.rb:232:in `context'
rack (2.0.3) lib/rack/session/abstract/id.rb:226:in `call'
actionpack (5.0.6) lib/action_dispatch/middleware/cookies.rb:613:in `call'
activerecord (5.0.6) lib/active_record/migration.rb:553:in `call'
actionpack (5.0.6) lib/action_dispatch/middleware/callbacks.rb:38:in `block in call'
activesupport (5.0.6) lib/active_support/callbacks.rb:97:in `__run_callbacks__'
activesupport (5.0.6) lib/active_support/callbacks.rb:750:in `_run_call_callbacks'
activesupport (5.0.6) lib/active_support/callbacks.rb:90:in `run_callbacks'
actionpack (5.0.6) lib/action_dispatch/middleware/callbacks.rb:36:in `call'
actionpack (5.0.6) lib/action_dispatch/middleware/executor.rb:12:in `call'
actionpack (5.0.6) lib/action_dispatch/middleware/remote_ip.rb:79:in `call'
actionpack (5.0.6) lib/action_dispatch/middleware/debug_exceptions.rb:49:in `call'
web-console (3.5.1) lib/web_console/middleware.rb:135:in `call_app'
web-console (3.5.1) lib/web_console/middleware.rb:28:in `block in call'
web-console (3.5.1) lib/web_console/middleware.rb:18:in `catch'
web-console (3.5.1) lib/web_console/middleware.rb:18:in `call'
actionpack (5.0.6) lib/action_dispatch/middleware/show_exceptions.rb:31:in `call'
railties (5.0.6) lib/rails/rack/logger.rb:36:in `call_app'
railties (5.0.6) lib/rails/rack/logger.rb:24:in `block in call'
activesupport (5.0.6) lib/active_support/tagged_logging.rb:69:in `block in tagged'
activesupport (5.0.6) lib/active_support/tagged_logging.rb:26:in `tagged'
activesupport (5.0.6) lib/active_support/tagged_logging.rb:69:in `tagged'
railties (5.0.6) lib/rails/rack/logger.rb:24:in `call'
sprockets-rails (3.2.1) lib/sprockets/rails/quiet_assets.rb:13:in `call'
actionpack (5.0.6) lib/action_dispatch/middleware/request_id.rb:24:in `call'
rack (2.0.3) lib/rack/method_override.rb:22:in `call'
rack (2.0.3) lib/rack/runtime.rb:22:in `call'
activesupport (5.0.6) lib/active_support/cache/strategy/local_cache_middleware.rb:28:in `call'
actionpack (5.0.6) lib/action_dispatch/middleware/executor.rb:12:in `call'
actionpack (5.0.6) lib/action_dispatch/middleware/static.rb:136:in `call'
rack (2.0.3) lib/rack/sendfile.rb:111:in `call'
railties (5.0.6) lib/rails/engine.rb:522:in `call'
puma (3.10.0) lib/puma/configuration.rb:225:in `call'
puma (3.10.0) lib/puma/server.rb:605:in `handle_request'
puma (3.10.0) lib/puma/server.rb:437:in `process_client'
puma (3.10.0) lib/puma/server.rb:301:in `block in run'
puma (3.10.0) lib/puma/thread_pool.rb:120:in `block in spawn_thread'
  Rendering /Users/david/.rvm/gems/ruby-2.3.1@davinci_coders/gems/actionpack-5.0.6/lib/action_dispatch/middleware/templates/rescues/diagnostics.html.erb within rescues/layout
  Rendering /Users/david/.rvm/gems/ruby-2.3.1@davinci_coders/gems/actionpack-5.0.6/lib/action_dispatch/middleware/templates/rescues/_source.html.erb
  Rendered /Users/david/.rvm/gems/ruby-2.3.1@davinci_coders/gems/actionpack-5.0.6/lib/action_dispatch/middleware/templates/rescues/_source.html.erb (1.6ms)
  Rendering /Users/david/.rvm/gems/ruby-2.3.1@davinci_coders/gems/actionpack-5.0.6/lib/action_dispatch/middleware/templates/rescues/_trace.html.erb
  Rendered /Users/david/.rvm/gems/ruby-2.3.1@davinci_coders/gems/actionpack-5.0.6/lib/action_dispatch/middleware/templates/rescues/_trace.html.erb (1.2ms)
  Rendering /Users/david/.rvm/gems/ruby-2.3.1@davinci_coders/gems/actionpack-5.0.6/lib/action_dispatch/middleware/templates/rescues/_request_and_response.html.erb
  Rendered /Users/david/.rvm/gems/ruby-2.3.1@davinci_coders/gems/actionpack-5.0.6/lib/action_dispatch/middleware/templates/rescues/_request_and_response.html.erb (1.3ms)
  Rendered /Users/david/.rvm/gems/ruby-2.3.1@davinci_coders/gems/actionpack-5.0.6/lib/action_dispatch/middleware/templates/rescues/diagnostics.html.erb within rescues/layout (58.8ms)
Started GET "/introduce/bob/and/ann" for 127.0.0.1 at 2017-11-02 10:40:51 -0400
Processing by IntroduceController#intro as HTML
  Parameters: {"name1"=>"bob", "name2"=>"ann"}
  Rendering introduce/intro.html.erb within layouts/application
  Rendered introduce/intro.html.erb within layouts/application (0.5ms)
Completed 200 OK in 444ms (Views: 442.2ms | ActiveRecord: 0.0ms)


Started GET "/introduce/ted/and/alice" for 127.0.0.1 at 2017-11-02 10:41:20 -0400
Processing by IntroduceController#intro as HTML
  Parameters: {"name1"=>"ted", "name2"=>"alice"}
  Rendering introduce/intro.html.erb within layouts/application
  Rendered introduce/intro.html.erb within layouts/application (0.7ms)
Completed 200 OK in 22ms (Views: 20.4ms | ActiveRecord: 0.0ms)


Started GET "/introduce/ted/and/alice" for 127.0.0.1 at 2017-11-02 15:05:55 -0400
Processing by IntroduceController#intro as HTML
  Parameters: {"name1"=>"ted", "name2"=>"alice"}
  Rendering introduce/intro.html.erb within layouts/application
  Rendered introduce/intro.html.erb within layouts/application (1.8ms)
Completed 200 OK in 245ms (Views: 234.0ms | ActiveRecord: 0.0ms)


Started GET "/introduce/ted/and/alice" for 127.0.0.1 at 2017-11-02 15:06:11 -0400
Processing by IntroduceController#intro as HTML
  Parameters: {"name1"=>"ted", "name2"=>"alice"}
  Rendering introduce/intro.html.erb within layouts/application
  Rendered introduce/intro.html.erb within layouts/application (0.4ms)
Completed 200 OK in 21ms (Views: 19.0ms | ActiveRecord: 0.0ms)


